#
# A fatal error has been detected by the Java Runtime Environment:
#
#  SIGSEGV (0xb) at pc=0x00007fff93b3c097, pid=13061, tid=1287
#
# JRE version: Java(TM) SE Runtime Environment (7.0_51-b13) (build 1.7.0_51-b13)
# Java VM: Java HotSpot(TM) 64-Bit Server VM (24.51-b03 mixed mode bsd-amd64 compressed oops)
# Problematic frame:
# C  [libobjc.A.dylib+0x5097]  objc_msgSend+0x17
#
# Failed to write core dump. Core dumps have been disabled. To enable core dumping, try "ulimit -c unlimited" before starting Java again
#
# If you would like to submit a bug report, please visit:
#   http://bugreport.sun.com/bugreport/crash.jsp
# The crash happened outside the Java Virtual Machine in native code.
# See problematic frame for where to report the bug.
#

---------------  T H R E A D  ---------------

Current thread (0x00007fb82a88f800):  JavaThread "AppKit Thread" daemon [_thread_in_native, id=1287, stack(0x00007fff58808000,0x00007fff58888000)]

siginfo:si_signo=SIGSEGV: si_errno=0, si_code=0 (SEGV0), si_addr=0x0000000000000000

Registers:
RAX=0x00007fb8295392b0, RBX=0x00000000000f42ef, RCX=0x0000000000000000, RDX=0x00007fb8297f27e0
RSP=0x00007fff58882ca8, RBP=0x00007fff58882cb0, RSI=0x00007fff8a74eb9f, RDI=0x00007fb8295392b0
R8 =0x0000000000000040, R9 =0x00007fff58882c00, R10=0x00007fff8a74eb9f, R11=0x5000000000000000
R12=0x00000000000f42ef, R13=0x00007fff58882e78, R14=0x00007fb81db1cb80, R15=0x00007fff58882dd8
RIP=0x00007fff93b3c097, EFLAGS=0x0000000000010246, ERR=0x0000000000000000
  TRAPNO=0x000000000000000d

Top of Stack: (sp=0x00007fff58882ca8)
0x00007fff58882ca8:   00007fff9038ce0c 00007fff58883010
0x00007fff58882cb8:   00007fff9028082d 0000000107391000
0x00007fff58882cc8:   0000000107395400 00007fb81de17892
0x00007fff58882cd8:   0000000000000a00 0000000000000798
0x00007fff58882ce8:   00000000000f42f1 0000000000000002
0x00007fff58882cf8:   00007fb82953d520 00007fb82953ce90
0x00007fff58882d08:   00007fb82950b640 00007fb8297f27e0
0x00007fff58882d18:   00007fff58882dd0 0000000000000000
0x00007fff58882d28:   00000000000f42ef 0000000000000051
0x00007fff58882d38:   00007fff58882e50 0000000000000000
0x00007fff58882d48:   0000000000000001 00007fb82950b630
0x00007fff58882d58:   000000000000004f 0000000001124a92
0x00007fff58882d68:   0000010000000000 00007fff7a111a60
0x00007fff58882d78:   00002060006de6ea ff80000000001001
0x00007fff58882d88:   0000000000000000 00007fff58882e68
0x00007fff58882d98:   00007fff58882e48 00007fff7a111a48
0x00007fff58882da8:   0000000000000000 000000000000000d
0x00007fff58882db8:   00007fff8d6de6ea 00007fff79719d38
0x00007fff58882dc8:   0000000000000000 00007fb82953d5a0
0x00007fff58882dd8:   00007fb81db1cb80 00007fff89635b08
0x00007fff58882de8:   0000000000000000 00007fff58882eb0
0x00007fff58882df8:   00007fff8b06bdde 00007fff794190d0
0x00007fff58882e08:   0000000042000000 00007fff8b0741d1
0x00007fff58882e18:   00007fff7a0edb40 00007fff58882f18
0x00007fff58882e28:   00007fff58882e48 00007fff58882e68
0x00007fff58882e38:   0000000000000000 0000000107391001
0x00007fff58882e48:   0000000000000000 000000000000004d
0x00007fff58882e58:   0000000000000000 00000000000f42e5
0x00007fff58882e68:   000000000000004f 0000000000000000
0x00007fff58882e78:   00000000000f42ef 0000000158882f20
0x00007fff58882e88:   00007fff8d6df261 00007fff7b469748
0x00007fff58882e98:   00007fff7b46974c 000000007b4651b8 

Instructions: (pc=0x00007fff93b3c097)
0x00007fff93b3c077:   90 90 90 90 90 90 90 90 90 48 85 ff 2e 74 72 40
0x00007fff93b3c087:   f6 c7 01 2e 0f 85 7e 00 00 00 4c 8b 1f 49 89 f2
0x00007fff93b3c097:   45 23 53 18 49 c1 e2 04 4d 03 53 10 49 3b 32 75
0x00007fff93b3c0a7:   04 41 ff 62 08 49 83 3a 00 74 74 4d 3b 53 10 74 

Register to memory mapping:

RAX=0x00007fb8295392b0 is an unknown value
RBX=0x00000000000f42ef is an unknown value
RCX=0x0000000000000000 is an unknown value
RDX=0x00007fb8297f27e0 is an unknown value
RSP=0x00007fff58882ca8 is pointing into the stack for thread: 0x00007fb82a88f800
RBP=0x00007fff58882cb0 is pointing into the stack for thread: 0x00007fb82a88f800
RSI=0x00007fff8a74eb9f: NSAppKitVersionNumber+0x5358f in /System/Library/Frameworks/AppKit.framework/Versions/C/AppKit at 0x00007fff89cab000
RDI=0x00007fb8295392b0 is an unknown value
R8 =0x0000000000000040 is an unknown value
R9 =0x00007fff58882c00 is pointing into the stack for thread: 0x00007fb82a88f800
R10=0x00007fff8a74eb9f: NSAppKitVersionNumber+0x5358f in /System/Library/Frameworks/AppKit.framework/Versions/C/AppKit at 0x00007fff89cab000
R11=0x5000000000000000 is an unknown value
R12=0x00000000000f42ef is an unknown value
R13=0x00007fff58882e78 is pointing into the stack for thread: 0x00007fb82a88f800
R14=0x00007fb81db1cb80 is an unknown value
R15=0x00007fff58882dd8 is pointing into the stack for thread: 0x00007fb82a88f800


Stack: [0x00007fff58808000,0x00007fff58888000],  sp=0x00007fff58882ca8,  free space=491k
Native frames: (J=compiled Java code, j=interpreted, Vv=VM code, C=native code)
C  [libobjc.A.dylib+0x5097]  objc_msgSend+0x17
C  [CoreFoundation+0x1082d]  _CFXNotificationPost+0xb4d
C  [Foundation+0x27ba]  -[NSNotificationCenter postNotificationName:object:userInfo:]+0x44
C  [AppKit+0x10f5a9]  -[NSSurface _disposeSurface]+0x98
C  [AppKit+0x10f045]  -[NSSurface setWindow:]+0x46
C  [AppKit+0x3af27]  -[NSView _setWindow:]+0x8ea
C  [AppKit+0x3bf7a]  -[NSView removeFromSuperview]+0x15e
C  [AppKit+0x986e9]  -[NSView removeFromSuperviewWithoutNeedingDisplay]+0x26
C  [liblwjgl.dylib+0x9c3e]  +[MacOSXKeyableWindow destroyWindow]+0xde
C  [Foundation+0x6313e]  __NSThreadPerformPerform+0xe5
C  [CoreFoundation+0x7f5b1]  __CFRUNLOOP_IS_CALLING_OUT_TO_A_SOURCE0_PERFORM_FUNCTION__+0x11
C  [CoreFoundation+0x70c62]  __CFRunLoopDoSources0+0xf2
C  [CoreFoundation+0x703ef]  __CFRunLoopRun+0x33f
C  [CoreFoundation+0x6fe75]  CFRunLoopRunSpecific+0x135
C  [HIToolbox+0x2ea0d]  RunCurrentEventLoopInMode+0xe2
C  [HIToolbox+0x2e7b7]  ReceiveNextEventCommon+0x1df
C  [HIToolbox+0x2e5bc]  _BlockUntilNextEventMatchingListInModeWithFilter+0x41
C  [AppKit+0x2424e]  _DPSNextEvent+0x59a
C  [AppKit+0x2389b]  -[NSApplication nextEventMatchingMask:untilDate:inMode:dequeue:]+0x7a
C  [libosxapp.dylib+0x16f4]  -[NSApplicationAWT nextEventMatchingMask:untilDate:inMode:dequeue:]+0x7c
C  [AppKit+0x1799c]  -[NSApplication run]+0x229
C  [libosxapp.dylib+0x1557]  +[NSApplicationAWT runAWTLoopWithApp:]+0x9c
C  [liblwawt.dylib+0xdba9]  -[AWTStarter starter:]+0x369
C  [Foundation+0x6313e]  __NSThreadPerformPerform+0xe5
C  [CoreFoundation+0x7f5b1]  __CFRUNLOOP_IS_CALLING_OUT_TO_A_SOURCE0_PERFORM_FUNCTION__+0x11
C  [CoreFoundation+0x70c62]  __CFRunLoopDoSources0+0xf2
C  [CoreFoundation+0x703ef]  __CFRunLoopRun+0x33f
C  [CoreFoundation+0x6fe75]  CFRunLoopRunSpecific+0x135
C  [java+0x73b0]  CreateExecutionEnvironment+0x367
C  [java+0x1b5c]  JLI_Launch+0x7a0
C  [java+0x770d]  main+0x65
C  [java+0x13b4]  start+0x34


---------------  P R O C E S S  ---------------

Java Threads: ( => current thread )
  0x00007fb831d9c000 JavaThread "AWT-Shutdown" [_thread_blocked, id=28407, stack(0x0000000118467000,0x0000000118567000)]
  0x00007fb82a8fd000 JavaThread "DestroyJavaVM" [_thread_blocked, id=6403, stack(0x000000010748d000,0x000000010758d000)]
  0x00007fb82a87b000 JavaThread "LWJGL Application" [_thread_in_native, id=64515, stack(0x0000000117028000,0x0000000117128000)]
=>0x00007fb82a88f800 JavaThread "AppKit Thread" daemon [_thread_in_native, id=1287, stack(0x00007fff58808000,0x00007fff58888000)]
  0x00007fb82a838800 JavaThread "Service Thread" daemon [_thread_blocked, id=19203, stack(0x00000001124f7000,0x00000001125f7000)]
  0x00007fb82a00b000 JavaThread "C2 CompilerThread1" daemon [_thread_blocked, id=18691, stack(0x00000001123f4000,0x00000001124f4000)]
  0x00007fb82b035000 JavaThread "C2 CompilerThread0" daemon [_thread_blocked, id=18179, stack(0x00000001122f1000,0x00000001123f1000)]
  0x00007fb82b02e000 JavaThread "Signal Dispatcher" daemon [_thread_blocked, id=17667, stack(0x00000001121ee000,0x00000001122ee000)]
  0x00007fb82a012800 JavaThread "Finalizer" daemon [_thread_blocked, id=12547, stack(0x0000000111f9d000,0x000000011209d000)]
  0x00007fb82a00f800 JavaThread "Reference Handler" daemon [_thread_blocked, id=12035, stack(0x0000000111e9a000,0x0000000111f9a000)]

Other Threads:
  0x00007fb82b011800 VMThread [stack: 0x0000000111d97000,0x0000000111e97000] [id=11523]
  0x00007fb82a838000 WatcherThread [stack: 0x00000001125fa000,0x00000001126fa000] [id=19715]

VM state:not at safepoint (normal execution)

VM Mutex/Monitor currently owned by a thread: None

Heap
 PSYoungGen      total 41472K, used 28535K [0x00000007d5500000, 0x00000007d8700000, 0x0000000800000000)
  eden space 32768K, 65% used [0x00000007d5500000,0x00000007d69ea6e0,0x00000007d7500000)
  from space 8704K, 81% used [0x00000007d7e00000,0x00000007d84f38b0,0x00000007d8680000)
  to   space 9216K, 0% used [0x00000007d7500000,0x00000007d7500000,0x00000007d7e00000)
 ParOldGen       total 87040K, used 4640K [0x0000000780000000, 0x0000000785500000, 0x00000007d5500000)
  object space 87040K, 5% used [0x0000000780000000,0x0000000780488010,0x0000000785500000)
 PSPermGen       total 21504K, used 6400K [0x000000077ae00000, 0x000000077c300000, 0x0000000780000000)
  object space 21504K, 29% used [0x000000077ae00000,0x000000077b4401d8,0x000000077c300000)

Card table byte_map: [0x000000010b913000,0x000000010bd3d000] byte_map_base: 0x0000000107d3c000

Polling page: 0x00000001075cc000

Code Cache  [0x0000000108853000, 0x0000000108ac3000, 0x000000010b853000)
 total_blobs=495 nmethods=149 adapters=301 free_code_cache=48494Kb largest_free_block=49631872

Compilation events (10 events):
Event: 28.242 Thread 0x00007fb82a00b000 nmethod 143 0x00000001088fc710 code [0x00000001088fc860, 0x00000001088fc988]
Event: 28.242 Thread 0x00007fb82b035000 nmethod 144 0x00000001088f9650 code [0x00000001088f97a0, 0x00000001088f98a8]
Event: 33.743 Thread 0x00007fb82a00b000  146   !         org.lwjgl.opengl.Display::isCreated (17 bytes)
Event: 33.744 Thread 0x00007fb82a00b000 nmethod 146 0x00000001088fa990 code [0x00000001088faae0, 0x00000001088fad38]
Event: 33.980 Thread 0x00007fb82b035000  147             java.lang.ref.Reference::access$100 (4 bytes)
Event: 33.981 Thread 0x00007fb82b035000 nmethod 147 0x00000001088f5fd0 code [0x00000001088f6100, 0x00000001088f6158]
Event: 36.494 Thread 0x00007fb82a00b000  148             java.util.ArrayList::size (5 bytes)
Event: 36.494 Thread 0x00007fb82a00b000 nmethod 148 0x00000001088ed550 code [0x00000001088ed680, 0x00000001088ed6d8]
Event: 37.496 Thread 0x00007fb82b035000  149             com.badlogic.gdx.utils.ObjectIntMap::put (330 bytes)
Event: 37.505 Thread 0x00007fb82b035000 nmethod 149 0x00000001088fcb50 code [0x00000001088fcd00, 0x00000001088fd748]

GC Heap History (10 events):
Event: 10.100 GC heap before
{Heap before GC invocations=2 (full 0):
 PSYoungGen      total 38912K, used 37376K [0x00000007d5500000, 0x00000007d8000000, 0x0000000800000000)
  eden space 33792K, 100% used [0x00000007d5500000,0x00000007d7600000,0x00000007d7600000)
  from space 5120K, 70% used [0x00000007d7600000,0x00000007d79803d8,0x00000007d7b00000)
  to   space 5120K, 0% used [0x00000007d7b00000,0x00000007d7b00000,0x00000007d8000000)
 ParOldGen       total 87040K, used 72K [0x0000000780000000, 0x0000000785500000, 0x00000007d5500000)
  object space 87040K, 0% used [0x0000000780000000,0x0000000780012010,0x0000000785500000)
 PSPermGen       total 21504K, used 6340K [0x000000077ae00000, 0x000000077c300000, 0x0000000780000000)
  object space 21504K, 29% used [0x000000077ae00000,0x000000077b4311c8,0x000000077c300000)
Event: 10.104 GC heap after
Heap after GC invocations=2 (full 0):
 PSYoungGen      total 38912K, used 4030K [0x00000007d5500000, 0x00000007d8000000, 0x0000000800000000)
  eden space 33792K, 0% used [0x00000007d5500000,0x00000007d5500000,0x00000007d7600000)
  from space 5120K, 78% used [0x00000007d7b00000,0x00000007d7eef8a0,0x00000007d8000000)
  to   space 5120K, 0% used [0x00000007d7600000,0x00000007d7600000,0x00000007d7b00000)
 ParOldGen       total 87040K, used 80K [0x0000000780000000, 0x0000000785500000, 0x00000007d5500000)
  object space 87040K, 0% used [0x0000000780000000,0x0000000780014010,0x0000000785500000)
 PSPermGen       total 21504K, used 6340K [0x000000077ae00000, 0x000000077c300000, 0x0000000780000000)
  object space 21504K, 29% used [0x000000077ae00000,0x000000077b4311c8,0x000000077c300000)
}
Event: 16.056 GC heap before
{Heap before GC invocations=3 (full 0):
 PSYoungGen      total 38912K, used 37795K [0x00000007d5500000, 0x00000007d8000000, 0x0000000800000000)
  eden space 33792K, 99% used [0x00000007d5500000,0x00000007d75f9640,0x00000007d7600000)
  from space 5120K, 78% used [0x00000007d7b00000,0x00000007d7eef8a0,0x00000007d8000000)
  to   space 5120K, 0% used [0x00000007d7600000,0x00000007d7600000,0x00000007d7b00000)
 ParOldGen       total 87040K, used 80K [0x0000000780000000, 0x0000000785500000, 0x00000007d5500000)
  object space 87040K, 0% used [0x0000000780000000,0x0000000780014010,0x0000000785500000)
 PSPermGen       total 21504K, used 6346K [0x000000077ae00000, 0x000000077c300000, 0x0000000780000000)
  object space 21504K, 29% used [0x000000077ae00000,0x000000077b432978,0x000000077c300000)
Event: 16.060 GC heap after
Heap after GC invocations=3 (full 0):
 PSYoungGen      total 38912K, used 5102K [0x00000007d5500000, 0x00000007d8000000, 0x0000000800000000)
  eden space 33792K, 0% used [0x00000007d5500000,0x00000007d5500000,0x00000007d7600000)
  from space 5120K, 99% used [0x00000007d7600000,0x00000007d7afb8b0,0x00000007d7b00000)
  to   space 5120K, 0% used [0x00000007d7b00000,0x00000007d7b00000,0x00000007d8000000)
 ParOldGen       total 87040K, used 576K [0x0000000780000000, 0x0000000785500000, 0x00000007d5500000)
  object space 87040K, 0% used [0x0000000780000000,0x0000000780090010,0x0000000785500000)
 PSPermGen       total 21504K, used 6346K [0x000000077ae00000, 0x000000077c300000, 0x0000000780000000)
  object space 21504K, 29% used [0x000000077ae00000,0x000000077b432978,0x000000077c300000)
}
Event: 22.030 GC heap before
{Heap before GC invocations=4 (full 0):
 PSYoungGen      total 38912K, used 38894K [0x00000007d5500000, 0x00000007d8000000, 0x0000000800000000)
  eden space 33792K, 100% used [0x00000007d5500000,0x00000007d7600000,0x00000007d7600000)
  from space 5120K, 99% used [0x00000007d7600000,0x00000007d7afb8b0,0x00000007d7b00000)
  to   space 5120K, 0% used [0x00000007d7b00000,0x00000007d7b00000,0x00000007d8000000)
 ParOldGen       total 87040K, used 576K [0x0000000780000000, 0x0000000785500000, 0x00000007d5500000)
  object space 87040K, 0% used [0x0000000780000000,0x0000000780090010,0x0000000785500000)
 PSPermGen       total 21504K, used 6363K [0x000000077ae00000, 0x000000077c300000, 0x0000000780000000)
  object space 21504K, 29% used [0x000000077ae00000,0x000000077b436ee8,0x000000077c300000)
Event: 22.034 GC heap after
Heap after GC invocations=4 (full 0):
 PSYoungGen      total 38912K, used 5118K [0x00000007d5500000, 0x00000007d8000000, 0x0000000800000000)
  eden space 33792K, 0% used [0x00000007d5500000,0x00000007d5500000,0x00000007d7600000)
  from space 5120K, 99% used [0x00000007d7b00000,0x00000007d7fffaf0,0x00000007d8000000)
  to   space 5120K, 0% used [0x00000007d7600000,0x00000007d7600000,0x00000007d7b00000)
 ParOldGen       total 87040K, used 2584K [0x0000000780000000, 0x0000000785500000, 0x00000007d5500000)
  object space 87040K, 2% used [0x0000000780000000,0x0000000780286010,0x0000000785500000)
 PSPermGen       total 21504K, used 6363K [0x000000077ae00000, 0x000000077c300000, 0x0000000780000000)
  object space 21504K, 29% used [0x000000077ae00000,0x000000077b436ee8,0x000000077c300000)
}
Event: 28.070 GC heap before
{Heap before GC invocations=5 (full 0):
 PSYoungGen      total 38912K, used 38910K [0x00000007d5500000, 0x00000007d8000000, 0x0000000800000000)
  eden space 33792K, 100% used [0x00000007d5500000,0x00000007d7600000,0x00000007d7600000)
  from space 5120K, 99% used [0x00000007d7b00000,0x00000007d7fffaf0,0x00000007d8000000)
  to   space 5120K, 0% used [0x00000007d7600000,0x00000007d7600000,0x00000007d7b00000)
 ParOldGen       total 87040K, used 2584K [0x0000000780000000, 0x0000000785500000, 0x00000007d5500000)
  object space 87040K, 2% used [0x0000000780000000,0x0000000780286010,0x0000000785500000)
 PSPermGen       total 21504K, used 6384K [0x000000077ae00000, 0x000000077c300000, 0x0000000780000000)
  object space 21504K, 29% used [0x000000077ae00000,0x000000077b43c360,0x000000077c300000)
Event: 28.074 GC heap after
Heap after GC invocations=5 (full 0):
 PSYoungGen      total 38400K, used 5118K [0x00000007d5500000, 0x00000007d8680000, 0x0000000800000000)
  eden space 33280K, 0% used [0x00000007d5500000,0x00000007d5500000,0x00000007d7580000)
  from space 5120K, 99% used [0x00000007d7600000,0x00000007d7affaf0,0x00000007d7b00000)
  to   space 8704K, 0% used [0x00000007d7e00000,0x00000007d7e00000,0x00000007d8680000)
 ParOldGen       total 87040K, used 4632K [0x0000000780000000, 0x0000000785500000, 0x00000007d5500000)
  object space 87040K, 5% used [0x0000000780000000,0x0000000780486010,0x0000000785500000)
 PSPermGen       total 21504K, used 6384K [0x000000077ae00000, 0x000000077c300000, 0x0000000780000000)
  object space 21504K, 29% used [0x000000077ae00000,0x000000077b43c360,0x000000077c300000)
}
Event: 33.975 GC heap before
{Heap before GC invocations=6 (full 0):
 PSYoungGen      total 38400K, used 38398K [0x00000007d5500000, 0x00000007d8680000, 0x0000000800000000)
  eden space 33280K, 100% used [0x00000007d5500000,0x00000007d7580000,0x00000007d7580000)
  from space 5120K, 99% used [0x00000007d7600000,0x00000007d7affaf0,0x00000007d7b00000)
  to   space 8704K, 0% used [0x00000007d7e00000,0x00000007d7e00000,0x00000007d8680000)
 ParOldGen       total 87040K, used 4632K [0x0000000780000000, 0x0000000785500000, 0x00000007d5500000)
  object space 87040K, 5% used [0x0000000780000000,0x0000000780486010,0x0000000785500000)
 PSPermGen       total 21504K, used 6385K [0x000000077ae00000, 0x000000077c300000, 0x0000000780000000)
  object space 21504K, 29% used [0x000000077ae00000,0x000000077b43c580,0x000000077c300000)
Event: 33.980 GC heap after
Heap after GC invocations=6 (full 0):
 PSYoungGen      total 41472K, used 7118K [0x00000007d5500000, 0x00000007d8700000, 0x0000000800000000)
  eden space 32768K, 0% used [0x00000007d5500000,0x00000007d5500000,0x00000007d7500000)
  from space 8704K, 81% used [0x00000007d7e00000,0x00000007d84f38b0,0x00000007d8680000)
  to   space 9216K, 0% used [0x00000007d7500000,0x00000007d7500000,0x00000007d7e00000)
 ParOldGen       total 87040K, used 4640K [0x0000000780000000, 0x0000000785500000, 0x00000007d5500000)
  object space 87040K, 5% used [0x0000000780000000,0x0000000780488010,0x0000000785500000)
 PSPermGen       total 21504K, used 6385K [0x000000077ae00000, 0x000000077c300000, 0x0000000780000000)
  object space 21504K, 29% used [0x000000077ae00000,0x000000077b43c580,0x000000077c300000)
}

Deoptimization events (3 events):
Event: 18.976 Thread 0x00007fb82a87b000 Uncommon trap: reason=null_check action=make_not_entrant pc=0x00000001088e7304 method=com.badlogic.gdx.utils.ObjectIntMap.put(Ljava/lang/Object;I)V @ 43
Event: 28.236 Thread 0x00007fb82a87b000 Uncommon trap: reason=null_check action=make_not_entrant pc=0x00000001088f52e8 method=com.badlogic.gdx.utils.ObjectIntMap.put(Ljava/lang/Object;I)V @ 75
Event: 37.513 Thread 0x00007fb82a87b000 Uncommon trap: reason=null_check action=make_not_entrant pc=0x00000001088fd62c method=com.badlogic.gdx.utils.ObjectIntMap.put(Ljava/lang/Object;I)V @ 107

Internal exceptions (10 events):
Event: 0.438 Thread 0x00007fb82a87b000 Threw 0x00000007d5ff67a8 at /HUDSON/workspace/7u-2-build-macosx-x86_64/jdk7u51/527/hotspot/src/share/vm/prims/jvm.cpp:1244
Event: 0.440 Thread 0x00007fb82a87b000 Threw 0x00000007d5ffa970 at /HUDSON/workspace/7u-2-build-macosx-x86_64/jdk7u51/527/hotspot/src/share/vm/prims/jvm.cpp:1244
Event: 0.440 Thread 0x00007fb82a87b000 Threw 0x00000007d6014ab0 at /HUDSON/workspace/7u-2-build-macosx-x86_64/jdk7u51/527/hotspot/src/share/vm/prims/jvm.cpp:1244
Event: 18.976 Thread 0x00007fb82a87b000 Implicit null exception at 0x00000001088e6c5f to 0x00000001088e72e1
Event: 28.236 Thread 0x00007fb82a87b000 Implicit null exception at 0x00000001088f4c2e to 0x00000001088f52c5
Event: 37.513 Thread 0x00007fb82a87b000 Implicit null exception at 0x00000001088fd073 to 0x00000001088fd5ed
Event: 37.745 Thread 0x00007fb82a87b000 Threw 0x00000007d69b8810 at /HUDSON/workspace/7u-2-build-macosx-x86_64/jdk7u51/527/hotspot/src/share/vm/prims/jvm.cpp:1244
Event: 37.746 Thread 0x00007fb82a87b000 Threw 0x00000007d69be5a8 at /HUDSON/workspace/7u-2-build-macosx-x86_64/jdk7u51/527/hotspot/src/share/vm/prims/jvm.cpp:1244
Event: 37.746 Thread 0x00007fb82a87b000 Threw 0x00000007d69c4718 at /HUDSON/workspace/7u-2-build-macosx-x86_64/jdk7u51/527/hotspot/src/share/vm/prims/jvm.cpp:1244
Event: 37.839 Thread 0x00007fb82a87b000 Threw 0x00000007d69caf28 at /HUDSON/workspace/7u-2-build-macosx-x86_64/jdk7u51/527/hotspot/src/share/vm/prims/jvm.cpp:1244

Events (10 events):
Event: 37.745 loading class 0x00007fb829719e70
Event: 37.745 loading class 0x00007fb829719e70 done
Event: 37.746 loading class 0x00007fb829718780
Event: 37.746 loading class 0x00007fb829718780 done
Event: 37.746 loading class 0x00007fb829718830
Event: 37.746 loading class 0x00007fb829718830 done
Event: 37.746 loading class 0x0000000110b4dce0
Event: 37.746 loading class 0x0000000110b4dce0 done
Event: 37.839 loading class 0x00007fb8295359a0
Event: 37.839 loading class 0x00007fb8295359a0 done


Dynamic libraries:
0x00000000093c5000 	/System/Library/Frameworks/Cocoa.framework/Versions/A/Cocoa
0x00000000093c5000 	/System/Library/Frameworks/Security.framework/Versions/A/Security
0x00000000093c5000 	/System/Library/Frameworks/ApplicationServices.framework/Versions/A/ApplicationServices
0x00000000093c5000 	/usr/lib/libz.1.dylib
0x00000000093c5000 	/usr/lib/libSystem.B.dylib
0x00000000093c5000 	/usr/lib/libobjc.A.dylib
0x00000000093c5000 	/System/Library/Frameworks/CoreFoundation.framework/Versions/A/CoreFoundation
0x00000000093c5000 	/System/Library/Frameworks/Foundation.framework/Versions/C/Foundation
0x00000000093c5000 	/System/Library/Frameworks/AppKit.framework/Versions/C/AppKit
0x00000000093c5000 	/System/Library/Frameworks/CoreData.framework/Versions/A/CoreData
0x00000000093c5000 	/System/Library/PrivateFrameworks/RemoteViewServices.framework/Versions/A/RemoteViewServices
0x00000000093c5000 	/System/Library/Frameworks/AudioToolbox.framework/Versions/A/AudioToolbox
0x00000000093c5000 	/System/Library/Frameworks/AudioUnit.framework/Versions/A/AudioUnit
0x00000000093c5000 	/System/Library/PrivateFrameworks/DataDetectorsCore.framework/Versions/A/DataDetectorsCore
0x00000000093c5000 	/System/Library/PrivateFrameworks/DesktopServicesPriv.framework/Versions/A/DesktopServicesPriv
0x00000000093c5000 	/System/Library/Frameworks/Carbon.framework/Versions/A/Frameworks/HIToolbox.framework/Versions/A/HIToolbox
0x00000000093c5000 	/System/Library/Frameworks/QuartzCore.framework/Versions/A/QuartzCore
0x00000000093c5000 	/System/Library/Frameworks/Carbon.framework/Versions/A/Frameworks/SpeechRecognition.framework/Versions/A/SpeechRecognition
0x00000000093c5000 	/usr/lib/libauto.dylib
0x00000000093c5000 	/usr/lib/libicucore.A.dylib
0x00000000093c5000 	/usr/lib/libxml2.2.dylib
0x00000000093c5000 	/System/Library/PrivateFrameworks/CoreUI.framework/Versions/A/CoreUI
0x00000000093c5000 	/System/Library/Frameworks/CoreAudio.framework/Versions/A/CoreAudio
0x00000000093c5000 	/System/Library/Frameworks/DiskArbitration.framework/Versions/A/DiskArbitration
0x00000000093c5000 	/usr/lib/liblangid.dylib
0x00000000093c5000 	/System/Library/PrivateFrameworks/MultitouchSupport.framework/Versions/A/MultitouchSupport
0x00000000093c5000 	/System/Library/Frameworks/IOKit.framework/Versions/A/IOKit
0x00000000093c5000 	/usr/lib/libDiagnosticMessagesClient.dylib
0x00000000093c5000 	/System/Library/Frameworks/CoreServices.framework/Versions/A/CoreServices
0x00000000093c5000 	/System/Library/PrivateFrameworks/PerformanceAnalysis.framework/Versions/A/PerformanceAnalysis
0x00000000093c5000 	/System/Library/PrivateFrameworks/GenerationalStorage.framework/Versions/A/GenerationalStorage
0x00000000093c5000 	/System/Library/Frameworks/OpenGL.framework/Versions/A/OpenGL
0x00000000093c5000 	/System/Library/PrivateFrameworks/Sharing.framework/Versions/A/Sharing
0x00000000093c5000 	/System/Library/Frameworks/ImageIO.framework/Versions/A/ImageIO
0x00000000093c5000 	/System/Library/Frameworks/CoreText.framework/Versions/A/CoreText
0x00000000093c5000 	/System/Library/Frameworks/CoreGraphics.framework/Versions/A/CoreGraphics
0x00000000093c5000 	/System/Library/PrivateFrameworks/Backup.framework/Versions/A/Backup
0x00000000093c5000 	/System/Library/Frameworks/CFNetwork.framework/Versions/A/CFNetwork
0x00000000093c5000 	/System/Library/Frameworks/SystemConfiguration.framework/Versions/A/SystemConfiguration
0x00000000093c5000 	/usr/lib/libCRFSuite.dylib
0x00000000093c5000 	/usr/lib/libc++.1.dylib
0x00000000093c5000 	/usr/lib/libc++abi.dylib
0x00000000093c5000 	/usr/lib/system/libcache.dylib
0x00000000093c5000 	/usr/lib/system/libcommonCrypto.dylib
0x00000000093c5000 	/usr/lib/system/libcompiler_rt.dylib
0x00000000093c5000 	/usr/lib/system/libcopyfile.dylib
0x00000000093c5000 	/usr/lib/system/libcorecrypto.dylib
0x00000000093c5000 	/usr/lib/system/libdispatch.dylib
0x00000000093c5000 	/usr/lib/system/libdyld.dylib
0x00000000093c5000 	/usr/lib/system/libkeymgr.dylib
0x00000000093c5000 	/usr/lib/system/liblaunch.dylib
0x00000000093c5000 	/usr/lib/system/libmacho.dylib
0x00000000093c5000 	/usr/lib/system/libquarantine.dylib
0x00000000093c5000 	/usr/lib/system/libremovefile.dylib
0x00000000093c5000 	/usr/lib/system/libsystem_asl.dylib
0x00000000093c5000 	/usr/lib/system/libsystem_blocks.dylib
0x00000000093c5000 	/usr/lib/system/libsystem_c.dylib
0x00000000093c5000 	/usr/lib/system/libsystem_configuration.dylib
0x00000000093c5000 	/usr/lib/system/libsystem_dnssd.dylib
0x00000000093c5000 	/usr/lib/system/libsystem_info.dylib
0x00000000093c5000 	/usr/lib/system/libsystem_kernel.dylib
0x00000000093c5000 	/usr/lib/system/libsystem_m.dylib
0x00000000093c5000 	/usr/lib/system/libsystem_malloc.dylib
0x00000000093c5000 	/usr/lib/system/libsystem_network.dylib
0x00000000093c5000 	/usr/lib/system/libsystem_notify.dylib
0x00000000093c5000 	/usr/lib/system/libsystem_platform.dylib
0x00000000093c5000 	/usr/lib/system/libsystem_pthread.dylib
0x00000000093c5000 	/usr/lib/system/libsystem_sandbox.dylib
0x00000000093c5000 	/usr/lib/system/libsystem_stats.dylib
0x00000000093c5000 	/usr/lib/system/libunc.dylib
0x00000000093c5000 	/usr/lib/system/libunwind.dylib
0x00000000093c5000 	/usr/lib/system/libxpc.dylib
0x00000000093c5000 	/usr/lib/libbsm.0.dylib
0x00000000093c5000 	/usr/lib/libsqlite3.dylib
0x00000000093c5000 	/usr/lib/libxar.1.dylib
0x00000000093c5000 	/usr/lib/libpam.2.dylib
0x00000000093c5000 	/usr/lib/libOpenScriptingUtil.dylib
0x00000000093c5000 	/usr/lib/libbz2.1.0.dylib
0x00000000093c5000 	/System/Library/Frameworks/CoreServices.framework/Versions/A/Frameworks/CarbonCore.framework/Versions/A/CarbonCore
0x00000000093c5000 	/System/Library/Frameworks/CoreServices.framework/Versions/A/Frameworks/Metadata.framework/Versions/A/Metadata
0x00000000093c5000 	/System/Library/Frameworks/CoreServices.framework/Versions/A/Frameworks/OSServices.framework/Versions/A/OSServices
0x00000000093c5000 	/System/Library/Frameworks/CoreServices.framework/Versions/A/Frameworks/SearchKit.framework/Versions/A/SearchKit
0x00000000093c5000 	/System/Library/Frameworks/CoreServices.framework/Versions/A/Frameworks/AE.framework/Versions/A/AE
0x00000000093c5000 	/System/Library/Frameworks/CoreServices.framework/Versions/A/Frameworks/LaunchServices.framework/Versions/A/LaunchServices
0x00000000093c5000 	/System/Library/Frameworks/CoreServices.framework/Versions/A/Frameworks/DictionaryServices.framework/Versions/A/DictionaryServices
0x00000000093c5000 	/System/Library/Frameworks/NetFS.framework/Versions/A/NetFS
0x00000000093c5000 	/usr/lib/system/libkxld.dylib
0x00000000093c5000 	/System/Library/PrivateFrameworks/NetAuth.framework/Versions/A/NetAuth
0x00000000093c5000 	/System/Library/PrivateFrameworks/TCC.framework/Versions/A/TCC
0x00000000093c5000 	/System/Library/Frameworks/OpenDirectory.framework/Versions/A/Frameworks/CFOpenDirectory.framework/Versions/A/CFOpenDirectory
0x00000000093c5000 	/System/Library/Frameworks/ServiceManagement.framework/Versions/A/ServiceManagement
0x00000000093c5000 	/usr/lib/libxslt.1.dylib
0x00000000093c5000 	/System/Library/Frameworks/Carbon.framework/Versions/A/Frameworks/Ink.framework/Versions/A/Ink
0x00000000093c5000 	/System/Library/Frameworks/ApplicationServices.framework/Versions/A/Frameworks/ATS.framework/Versions/A/ATS
0x00000000093c5000 	/System/Library/Frameworks/ApplicationServices.framework/Versions/A/Frameworks/ColorSync.framework/Versions/A/ColorSync
0x00000000093c5000 	/System/Library/Frameworks/ApplicationServices.framework/Versions/A/Frameworks/HIServices.framework/Versions/A/HIServices
0x00000000093c5000 	/System/Library/Frameworks/ApplicationServices.framework/Versions/A/Frameworks/LangAnalysis.framework/Versions/A/LangAnalysis
0x00000000093c5000 	/System/Library/Frameworks/ApplicationServices.framework/Versions/A/Frameworks/PrintCore.framework/Versions/A/PrintCore
0x00000000093c5000 	/System/Library/Frameworks/ApplicationServices.framework/Versions/A/Frameworks/QD.framework/Versions/A/QD
0x00000000093c5000 	/System/Library/Frameworks/ApplicationServices.framework/Versions/A/Frameworks/SpeechSynthesis.framework/Versions/A/SpeechSynthesis
0x00000000093c5000 	/System/Library/Frameworks/IOSurface.framework/Versions/A/IOSurface
0x00000000093c5000 	/System/Library/Frameworks/Accelerate.framework/Versions/A/Accelerate
0x00000000093c5000 	/System/Library/Frameworks/Accelerate.framework/Versions/A/Frameworks/vImage.framework/Versions/A/vImage
0x00000000093c5000 	/System/Library/Frameworks/Accelerate.framework/Versions/A/Frameworks/vecLib.framework/Versions/A/vecLib
0x00000000093c5000 	/System/Library/Frameworks/Accelerate.framework/Versions/A/Frameworks/vecLib.framework/Versions/A/libvDSP.dylib
0x00000000093c5000 	/System/Library/Frameworks/Accelerate.framework/Versions/A/Frameworks/vecLib.framework/Versions/A/libvMisc.dylib
0x00000000093c5000 	/System/Library/Frameworks/Accelerate.framework/Versions/A/Frameworks/vecLib.framework/Versions/A/libLAPACK.dylib
0x00000000093c5000 	/System/Library/Frameworks/Accelerate.framework/Versions/A/Frameworks/vecLib.framework/Versions/A/libBLAS.dylib
0x00000000093c5000 	/System/Library/Frameworks/ApplicationServices.framework/Versions/A/Frameworks/ATS.framework/Versions/A/Resources/libFontParser.dylib
0x00000000093c5000 	/System/Library/Frameworks/ApplicationServices.framework/Versions/A/Frameworks/ATS.framework/Versions/A/Resources/libFontRegistry.dylib
0x00000000093c5000 	/System/Library/Frameworks/ImageIO.framework/Versions/A/Resources/libJPEG.dylib
0x00000000093c5000 	/System/Library/Frameworks/ImageIO.framework/Versions/A/Resources/libTIFF.dylib
0x00000000093c5000 	/System/Library/Frameworks/ImageIO.framework/Versions/A/Resources/libPng.dylib
0x00000000093c5000 	/System/Library/Frameworks/ImageIO.framework/Versions/A/Resources/libGIF.dylib
0x00000000093c5000 	/System/Library/Frameworks/ImageIO.framework/Versions/A/Resources/libJP2.dylib
0x00000000093c5000 	/System/Library/Frameworks/ImageIO.framework/Versions/A/Resources/libRadiance.dylib
0x00000000093c5000 	/usr/lib/libcups.2.dylib
0x00000000093c5000 	/System/Library/Frameworks/Kerberos.framework/Versions/A/Kerberos
0x00000000093c5000 	/System/Library/Frameworks/GSS.framework/Versions/A/GSS
0x00000000093c5000 	/usr/lib/libresolv.9.dylib
0x00000000093c5000 	/usr/lib/libiconv.2.dylib
0x00000000093c5000 	/System/Library/PrivateFrameworks/Heimdal.framework/Versions/A/Heimdal
0x00000000093c5000 	/System/Library/PrivateFrameworks/TrustEvaluationAgent.framework/Versions/A/TrustEvaluationAgent
0x00000000093c5000 	/usr/lib/libheimdal-asn1.dylib
0x00000000093c5000 	/System/Library/Frameworks/OpenDirectory.framework/Versions/A/OpenDirectory
0x00000000093c5000 	/System/Library/PrivateFrameworks/CommonAuth.framework/Versions/A/CommonAuth
0x00000000093c5000 	/System/Library/Frameworks/SecurityFoundation.framework/Versions/A/SecurityFoundation
0x00000000093c5000 	/System/Library/PrivateFrameworks/Bom.framework/Versions/A/Bom
0x00000000093c5000 	/System/Library/Frameworks/CoreVideo.framework/Versions/A/CoreVideo
0x00000000093c5000 	/System/Library/Frameworks/QuartzCore.framework/Versions/A/Frameworks/CoreImage.framework/Versions/A/CoreImage
0x00000000093c5000 	/System/Library/Frameworks/QuartzCore.framework/Versions/A/Frameworks/ScalableUserInterface.framework/Versions/A/ScalableUserInterface
0x00000000093c5000 	/System/Library/Frameworks/OpenGL.framework/Versions/A/Libraries/libGLU.dylib
0x00000000093c5000 	/System/Library/Frameworks/OpenGL.framework/Versions/A/Libraries/libGFXShared.dylib
0x00000000093c5000 	/System/Library/Frameworks/OpenGL.framework/Versions/A/Libraries/libGL.dylib
0x00000000093c5000 	/System/Library/Frameworks/OpenGL.framework/Versions/A/Libraries/libGLImage.dylib
0x00000000093c5000 	/System/Library/Frameworks/OpenGL.framework/Versions/A/Libraries/libCVMSPluginSupport.dylib
0x00000000093c5000 	/System/Library/Frameworks/OpenGL.framework/Versions/A/Libraries/libCoreVMClient.dylib
0x00000000093c5000 	/System/Library/PrivateFrameworks/FaceCore.framework/Versions/A/FaceCore
0x00000000093c5000 	/System/Library/PrivateFrameworks/CrashReporterSupport.framework/Versions/A/CrashReporterSupport
0x00000000093c5000 	/System/Library/Frameworks/OpenCL.framework/Versions/A/OpenCL
0x00000000093c5000 	/System/Library/PrivateFrameworks/AppleFSCompression.framework/Versions/A/AppleFSCompression
0x00000000093c5000 	/System/Library/PrivateFrameworks/Ubiquity.framework/Versions/A/Ubiquity
0x00000000093c5000 	/System/Library/PrivateFrameworks/IconServices.framework/Versions/A/IconServices
0x00000000093c5000 	/System/Library/PrivateFrameworks/ChunkingLibrary.framework/Versions/A/ChunkingLibrary
0x00000000093c5000 	/System/Library/PrivateFrameworks/CoreSymbolication.framework/Versions/A/CoreSymbolication
0x00000000093c5000 	/System/Library/PrivateFrameworks/Symbolication.framework/Versions/A/Symbolication
0x00000000093c5000 	/System/Library/PrivateFrameworks/DebugSymbols.framework/Versions/A/DebugSymbols
0x0000000107e00000 	/Library/Java/JavaVirtualMachines/jdk1.7.0_51.jdk/Contents/Home/jre/lib/server/libjvm.dylib
0x00000000093c5000 	/usr/lib/libstdc++.6.dylib
0x000000010758f000 	/Library/Java/JavaVirtualMachines/jdk1.7.0_51.jdk/Contents/Home/jre/lib/libverify.dylib
0x000000010759c000 	/Library/Java/JavaVirtualMachines/jdk1.7.0_51.jdk/Contents/Home/jre/lib/libjava.dylib
0x00000001075d6000 	/Library/Java/JavaVirtualMachines/jdk1.7.0_51.jdk/Contents/Home/jre/lib/libzip.dylib
0x000000011209f000 	/System/Library/Frameworks/JavaVM.framework/Frameworks/JavaRuntimeSupport.framework/JavaRuntimeSupport
0x00000001120b7000 	/System/Library/Frameworks/JavaVM.framework/Versions/A/Frameworks/JavaNativeFoundation.framework/Versions/A/JavaNativeFoundation
0x00000001120cc000 	/System/Library/Frameworks/JavaVM.framework/Versions/A/JavaVM
0x00000000093c5000 	/System/Library/Frameworks/Carbon.framework/Versions/A/Carbon
0x00000001120d9000 	/System/Library/PrivateFrameworks/JavaLaunching.framework/Versions/A/JavaLaunching
0x00000000093c5000 	/System/Library/Frameworks/Carbon.framework/Versions/A/Frameworks/CommonPanels.framework/Versions/A/CommonPanels
0x00000000093c5000 	/System/Library/Frameworks/Carbon.framework/Versions/A/Frameworks/Help.framework/Versions/A/Help
0x00000000093c5000 	/System/Library/Frameworks/Carbon.framework/Versions/A/Frameworks/ImageCapture.framework/Versions/A/ImageCapture
0x00000000093c5000 	/System/Library/Frameworks/Carbon.framework/Versions/A/Frameworks/OpenScripting.framework/Versions/A/OpenScripting
0x00000000093c5000 	/System/Library/Frameworks/Carbon.framework/Versions/A/Frameworks/Print.framework/Versions/A/Print
0x00000000093c5000 	/System/Library/Frameworks/Carbon.framework/Versions/A/Frameworks/SecurityHI.framework/Versions/A/SecurityHI
0x0000000112784000 	/private/var/folders/3x/hlvqbf910zs7y057lbv4fnf00000gp/T/libgdxiMac/e4139f10/libgdx64.dylib
0x000000011282c000 	/Library/Java/JavaVirtualMachines/jdk1.7.0_51.jdk/Contents/Home/jre/lib/libawt.dylib
0x00000001128db000 	/Library/Java/JavaVirtualMachines/jdk1.7.0_51.jdk/Contents/Home/jre/lib/./libmlib_image.dylib
0x00000001129a7000 	/Library/Java/JavaVirtualMachines/jdk1.7.0_51.jdk/Contents/Home/jre/lib/lwawt/liblwawt.dylib
0x0000000112a5b000 	/Library/Java/JavaVirtualMachines/jdk1.7.0_51.jdk/Contents/Home/jre/lib/libosxapp.dylib
0x00000000093c5000 	/System/Library/Frameworks/ExceptionHandling.framework/Versions/A/ExceptionHandling
0x00000000093c5000 	/System/Library/PrivateFrameworks/CoreServicesInternal.framework/Versions/A/CoreServicesInternal
0x00000000093c5000 	/System/Library/PrivateFrameworks/Librarian.framework/Versions/A/Librarian
0x00000000093c5000 	/System/Library/Frameworks/CoreGraphics.framework/Versions/A/Resources/libCGCMS.A.dylib
0x00000000093c5000 	/System/Library/Frameworks/CoreGraphics.framework/Versions/A/Resources/libRIP.A.dylib
0x00000000093c5000 	/System/Library/Frameworks/CoreGraphics.framework/Versions/A/Resources/libCGXType.A.dylib
0x00000000093c5000 	/System/Library/PrivateFrameworks/FamilyControls.framework/Versions/A/FamilyControls
0x00000000093c5000 	/System/Library/PrivateFrameworks/CommerceKit.framework/Versions/A/Frameworks/CommerceCore.framework/Versions/A/CommerceCore
0x00000000093c5000 	/System/Library/PrivateFrameworks/SystemAdministration.framework/Versions/A/SystemAdministration
0x00000000093c5000 	/System/Library/Frameworks/DirectoryService.framework/Versions/A/DirectoryService
0x00000000093c5000 	/System/Library/PrivateFrameworks/DiskImages.framework/Versions/A/DiskImages
0x00000000093c5000 	/System/Library/PrivateFrameworks/LoginUIKit.framework/Versions/A/Frameworks/LoginUICore.framework/Versions/A/LoginUICore
0x00000000093c5000 	/usr/lib/libCoreStorage.dylib
0x00000000093c5000 	/usr/lib/libcsfde.dylib
0x00000000093c5000 	/usr/lib/libodfde.dylib
0x00000000093c5000 	/System/Library/Frameworks/DiscRecording.framework/Versions/A/DiscRecording
0x00000000093c5000 	/usr/lib/libcurl.4.dylib
0x00000000093c5000 	/System/Library/PrivateFrameworks/MediaKit.framework/Versions/A/MediaKit
0x00000000093c5000 	/System/Library/PrivateFrameworks/EFILogin.framework/Versions/A/EFILogin
0x00000000093c5000 	/usr/lib/libutil.dylib
0x00000000093c5000 	/System/Library/PrivateFrameworks/AOSNotification.framework/Versions/A/AOSNotification
0x00000000093c5000 	/System/Library/Frameworks/LDAP.framework/Versions/A/LDAP
0x00000000093c5000 	/usr/lib/libsasl2.2.dylib
0x00000000093c5000 	/usr/lib/libcrypto.0.9.8.dylib
0x00000000093c5000 	/usr/lib/libssl.0.9.8.dylib
0x0000000116bc1000 	/Library/Java/JavaVirtualMachines/jdk1.7.0_51.jdk/Contents/Home/jre/lib/libfontmanager.dylib
0x0000000116c28000 	/private/var/folders/3x/hlvqbf910zs7y057lbv4fnf00000gp/T/libgdxiMac/45614fc1/liblwjgl.dylib
0x00000001143e5000 	/Library/Java/JavaVirtualMachines/jdk1.7.0_51.jdk/Contents/Home/jre/lib/libjawt.dylib
0x0000000116ca7000 	/var/folders/3x/hlvqbf910zs7y057lbv4fnf00000gp/T/libgdxiMac/45614fc1/openal.dylib
0x0000000116d03000 	/System/Library/Components/CoreAudio.component/Contents/MacOS/CoreAudio
0x0000000114410000 	/System/Library/Extensions/AppleHDA.kext/Contents/PlugIns/AppleHDAHALPlugIn.bundle/Contents/MacOS/AppleHDAHALPlugIn
0x00000000093c5000 	/System/Library/Frameworks/OpenGL.framework/Versions/A/Resources/GLEngine.bundle/GLEngine
0x00000000093c5000 	/System/Library/Frameworks/OpenGL.framework/Versions/A/Libraries/libGLProgrammability.dylib
0x0000000000000000 	/System/Library/Extensions/AppleIntelHD5000GraphicsGLDriver.bundle/Contents/MacOS/AppleIntelHD5000GraphicsGLDriver
0x00000000093c5000 	/System/Library/PrivateFrameworks/IOAccelerator.framework/Versions/A/IOAccelerator
0x00000000093c5000 	/System/Library/PrivateFrameworks/GPUSupport.framework/Versions/A/Libraries/libGPUSupportMercury.dylib
0x00000000093c5000 	/System/Library/Frameworks/OpenGL.framework/Versions/A/Resources/GLRendererFloat.bundle/GLRendererFloat
0x00000000093c5000 	/System/Library/Frameworks/OpenCL.framework/Versions/A/Libraries/libcldcpuengine.dylib
0x000000011796b000 	cl_kernels
0x000000011796e000 	/System/Library/Frameworks/OpenCL.framework/Versions/A/Libraries/ImageFormats/unorm8_bgra.dylib
0x0000000117a99000 	cl_kernels

VM Arguments:
jvm_args: -Dfile.encoding=US-ASCII 
java_command: nickmiste.slingshot.desktop.DesktopLauncher
Launcher Type: SUN_STANDARD

Environment Variables:
PATH=/usr/bin:/bin:/usr/sbin:/sbin
SHELL=/bin/bash
DISPLAY=/tmp/launch-RSb78b/org.macosforge.xquartz:0

Signal Handlers:
SIGSEGV: [libjvm.dylib+0x525425], sa_mask[0]=0xfffefeff, sa_flags=0x00000043
SIGBUS: [libjvm.dylib+0x525425], sa_mask[0]=0xfffefeff, sa_flags=0x00000042
SIGFPE: [libjvm.dylib+0x41892a], sa_mask[0]=0xfffefeff, sa_flags=0x00000042
SIGPIPE: [libjvm.dylib+0x41892a], sa_mask[0]=0xfffefeff, sa_flags=0x00000042
SIGXFSZ: [libjvm.dylib+0x41892a], sa_mask[0]=0xfffefeff, sa_flags=0x00000042
SIGILL: [libjvm.dylib+0x41892a], sa_mask[0]=0xfffefeff, sa_flags=0x00000042
SIGUSR1: SIG_DFL, sa_mask[0]=0x00000000, sa_flags=0x00000002
SIGUSR2: [libjvm.dylib+0x41841c], sa_mask[0]=0x00000004, sa_flags=0x00000042
SIGHUP: [libjvm.dylib+0x4166ab], sa_mask[0]=0xfffefeff, sa_flags=0x00000042
SIGINT: [libjvm.dylib+0x4166ab], sa_mask[0]=0xfffefeff, sa_flags=0x00000042
SIGTERM: [libjvm.dylib+0x4166ab], sa_mask[0]=0xfffefeff, sa_flags=0x00000042
SIGQUIT: [libjvm.dylib+0x4166ab], sa_mask[0]=0xfffefeff, sa_flags=0x00000042


---------------  S Y S T E M  ---------------

OS:Bsduname:Darwin 13.3.0 Darwin Kernel Version 13.3.0: Tue Jun  3 21:27:35 PDT 2014; root:xnu-2422.110.17~1/RELEASE_X86_64 x86_64
rlimit: STACK 8192k, CORE 0k, NPROC 709, NOFILE 10240, AS infinity
load average:6.19 5.89 5.92

CPU:total 4 (4 cores per cpu, 1 threads per core) family 6 model 70 stepping 1, cmov, cx8, fxsr, mmx, sse, sse2, sse3, ssse3, sse4.1, sse4.2, popcnt, avx, avx2, aes, erms, tsc, tscinvbit

Memory: 4k page, physical 8388608k(2097152k free)

/proc/meminfo:


vm_info: Java HotSpot(TM) 64-Bit Server VM (24.51-b03) for bsd-amd64 JRE (1.7.0_51-b13), built on Dec 18 2013 18:45:56 by "java_re" with gcc 4.2.1 (Based on Apple Inc. build 5658) (LLVM build 2336.11.00)

time: Sat Sep 20 23:06:59 2014
elapsed time: 37 seconds

